[2026-07-07T08:04:07.128Z] [SUCCESS] File written: /Users/mandreu/.tyr/manifest.json
[2026-07-07T08:04:07.129Z] [SUCCESS] manifest.json generated at /Users/mandreu/.tyr/manifest.json (12 commands).
[2026-07-07T08:04:07.129Z] [INFO] Commit and push it so others can install it with: tyr --add <raw-url-to-manifest.json>
[2026-07-07T08:09:57.269Z] [SUCCESS] File written: /Users/mandreu/.tyr/manifest.json
[2026-07-07T08:09:57.269Z] [SUCCESS] manifest.json generated at /Users/mandreu/.tyr/manifest.json (12 commands).
[2026-07-07T08:09:57.269Z] [INFO] Commit and push it so others can install it with: tyr --add <raw-url-to-manifest.json>
[2026-07-07T08:10:56.131Z] [INFO] Starting removal of command: 'ai:code'
[2026-07-07T08:10:56.132Z] [SUCCESS] File deleted: /Users/mandreu/.tyr/commands/code-ai.tyr.ts
[2026-07-07T08:10:56.133Z] [INFO] Backup created at: /Users/mandreu/.tyr/map.yml.bak
[2026-07-07T08:10:56.134Z] [SUCCESS] File written: /Users/mandreu/.tyr/map.yml
[2026-07-07T08:10:56.134Z] [SUCCESS] Command 'ai:code' removed.
[2026-07-07T08:11:00.702Z] [INFO] Starting removal of command: 'ai:chat'
[2026-07-07T08:11:00.703Z] [SUCCESS] File deleted: /Users/mandreu/.tyr/commands/chat-ai.tyr.ts
[2026-07-07T08:11:00.704Z] [INFO] Backup created at: /Users/mandreu/.tyr/map.yml.bak
[2026-07-07T08:11:00.704Z] [SUCCESS] File written: /Users/mandreu/.tyr/map.yml
[2026-07-07T08:11:00.704Z] [SUCCESS] Command 'ai:chat' removed.
[2026-07-07T08:11:04.949Z] [ERROR] Command 'rem:ai:test' not found.
[2026-07-07T08:11:10.200Z] [INFO] Starting removal of command: 'ai:describe'
[2026-07-07T08:11:10.201Z] [SUCCESS] File deleted: /Users/mandreu/.tyr/commands/describe-ai.tyr.ts
[2026-07-07T08:11:10.202Z] [INFO] Backup created at: /Users/mandreu/.tyr/map.yml.bak
[2026-07-07T08:11:10.202Z] [SUCCESS] File written: /Users/mandreu/.tyr/map.yml
[2026-07-07T08:11:10.202Z] [SUCCESS] Command 'ai:describe' removed.
[2026-07-07T08:11:20.521Z] [INFO] Starting removal of command: 'test-ai'
[2026-07-07T08:11:20.521Z] [ERROR] Command 'test-ai' does not exist in ~/.tyr/map.yml.
[2026-07-07T08:11:37.634Z] [INFO] Starting removal of command: 'ai:test'
[2026-07-07T08:11:37.634Z] [SUCCESS] File deleted: /Users/mandreu/.tyr/commands/test-ai.tyr.ts
[2026-07-07T08:11:37.636Z] [INFO] Backup created at: /Users/mandreu/.tyr/map.yml.bak
[2026-07-07T08:11:37.636Z] [SUCCESS] File written: /Users/mandreu/.tyr/map.yml
[2026-07-07T08:11:37.636Z] [SUCCESS] Command 'ai:test' removed.
[2026-07-07T08:12:09.759Z] [INFO] Validating manifest: https://raw.githubusercontent.com/mandreu-av/TyrCommands/main/ai-manifest.json
[2026-07-07T08:12:10.061Z] [ERROR] Could not add module: Manifest at https://raw.githubusercontent.com/mandreu-av/TyrCommands/main/ai-manifest.json has an invalid command name: 'ai:describe'
[2026-07-07T08:12:10.061Z] [INFO] Could not add module: Manifest at https://raw.githubusercontent.com/mandreu-av/TyrCommands/main/ai-manifest.json has an invalid command name: 'ai:describe'
[2026-07-07T08:22:13.062Z] [INFO] Validating manifest: https://raw.githubusercontent.com/mandreu-av/TyrCommands/main/ai-manifest.json
[2026-07-07T08:22:13.331Z] [INFO] Backup created at: /Users/mandreu/.tyr/imported_modules.yaml.bak
[2026-07-07T08:22:13.332Z] [SUCCESS] File written: /Users/mandreu/.tyr/imported_modules.yaml
[2026-07-07T08:22:13.332Z] [SUCCESS] Module 'ai-manifest' registered in /Users/mandreu/.tyr/imported_modules.yaml
[2026-07-07T08:22:13.333Z] [INFO] Syncing module 'ai-manifest' (https://raw.githubusercontent.com/mandreu-av/TyrCommands/main/ai-manifest.json)...
[2026-07-07T08:22:13.568Z] [SUCCESS] File written: /Users/mandreu/.tyr/commands/ai-describe.tyr.ts
[2026-07-07T08:22:13.568Z] [SUCCESS] Installed 'ai:describe' from module 'ai-manifest'.
[2026-07-07T08:22:13.789Z] [SUCCESS] File written: /Users/mandreu/.tyr/commands/ai-code.tyr.ts
[2026-07-07T08:22:13.790Z] [SUCCESS] Installed 'ai:code' from module 'ai-manifest'.
[2026-07-07T08:22:13.998Z] [SUCCESS] File written: /Users/mandreu/.tyr/commands/ai-test.tyr.ts
[2026-07-07T08:22:13.999Z] [SUCCESS] Installed 'ai:test' from module 'ai-manifest'.
[2026-07-07T08:22:14.235Z] [SUCCESS] File written: /Users/mandreu/.tyr/commands/ai-chat.tyr.ts
[2026-07-07T08:22:14.236Z] [SUCCESS] Installed 'ai:chat' from module 'ai-manifest'.
[2026-07-07T08:22:14.240Z] [INFO] Backup created at: /Users/mandreu/.tyr/map.yml.bak
[2026-07-07T08:22:14.241Z] [SUCCESS] File written: /Users/mandreu/.tyr/map.yml
[2026-07-07T08:22:14.242Z] [SUCCESS] File written: /Users/mandreu/.tyr/imported_modules.lock.yml
[2026-07-07T08:22:14.242Z] [INFO] Sync finished — installed: 4, updated: 0, skipped: 0, failed: 0.
[2026-07-07T08:25:12.997Z] [INFO] Imported modules:
[2026-07-07T08:25:12.998Z] [INFO]   ai-manifest -> https://raw.githubusercontent.com/mandreu-av/TyrCommands/main/ai-manifest.json
[2026-07-07T08:25:20.184Z] [INFO] Imported modules:
[2026-07-07T08:25:20.184Z] [INFO]   ai-manifest -> https://raw.githubusercontent.com/mandreu-av/TyrCommands/main/ai-manifest.json
[2026-07-07T08:25:25.291Z] [INFO] Syncing module 'ai-manifest' (https://raw.githubusercontent.com/mandreu-av/TyrCommands/main/ai-manifest.json)...
[2026-07-07T08:25:25.350Z] [INFO] Skipping 'ai:describe': already installed. Use 'tyr --update' to refresh.
[2026-07-07T08:25:25.350Z] [INFO] Skipping 'ai:code': already installed. Use 'tyr --update' to refresh.
[2026-07-07T08:25:25.350Z] [INFO] Skipping 'ai:test': already installed. Use 'tyr --update' to refresh.
[2026-07-07T08:25:25.350Z] [INFO] Skipping 'ai:chat': already installed. Use 'tyr --update' to refresh.
[2026-07-07T08:25:25.350Z] [INFO] Sync finished — installed: 0, updated: 0, skipped: 4, failed: 0.
[2026-07-07T08:25:36.640Z] [INFO] Starting removal of command: 'ai:test'
[2026-07-07T08:25:36.641Z] [SUCCESS] File deleted: /Users/mandreu/.tyr/commands/ai-test.tyr.ts
[2026-07-07T08:25:36.642Z] [INFO] Backup created at: /Users/mandreu/.tyr/map.yml.bak
[2026-07-07T08:25:36.642Z] [SUCCESS] File written: /Users/mandreu/.tyr/map.yml
[2026-07-07T08:25:36.642Z] [SUCCESS] Command 'ai:test' removed.
[2026-07-07T08:25:40.327Z] [INFO] Syncing module 'ai-manifest' (https://raw.githubusercontent.com/mandreu-av/TyrCommands/main/ai-manifest.json)...
[2026-07-07T08:25:40.386Z] [INFO] Skipping 'ai:describe': already installed. Use 'tyr --update' to refresh.
[2026-07-07T08:25:40.386Z] [INFO] Skipping 'ai:code': already installed. Use 'tyr --update' to refresh.
[2026-07-07T08:25:40.398Z] [SUCCESS] File written: /Users/mandreu/.tyr/commands/ai-test.tyr.ts
[2026-07-07T08:25:40.398Z] [SUCCESS] Installed 'ai:test' from module 'ai-manifest'.
[2026-07-07T08:25:40.398Z] [INFO] Skipping 'ai:chat': already installed. Use 'tyr --update' to refresh.
[2026-07-07T08:25:40.399Z] [INFO] Backup created at: /Users/mandreu/.tyr/map.yml.bak
[2026-07-07T08:25:40.399Z] [SUCCESS] File written: /Users/mandreu/.tyr/map.yml
[2026-07-07T08:25:40.400Z] [INFO] Backup created at: /Users/mandreu/.tyr/imported_modules.lock.yml.bak
[2026-07-07T08:25:40.400Z] [SUCCESS] File written: /Users/mandreu/.tyr/imported_modules.lock.yml
[2026-07-07T08:25:40.400Z] [INFO] Sync finished — installed: 1, updated: 0, skipped: 3, failed: 0.
[2026-07-07T08:27:41.378Z] [INFO] Syncing module 'ai-manifest' (https://raw.githubusercontent.com/mandreu-av/TyrCommands/main/ai-manifest.json)...
[2026-07-07T08:27:41.616Z] [INFO] Skipping 'ai:describe': already exists and is not managed by an import.
[2026-07-07T08:27:41.616Z] [INFO] Skipping 'ai:code': already exists and is not managed by an import.
[2026-07-07T08:27:41.617Z] [INFO] Skipping 'ai:test': already exists and is not managed by an import.
[2026-07-07T08:27:41.617Z] [INFO] Skipping 'ai:chat': already exists and is not managed by an import.
[2026-07-07T08:27:41.617Z] [INFO] Sync finished — installed: 0, updated: 0, skipped: 4, failed: 0.
[2026-07-07T08:34:08.603Z] [INFO] Starting removal of command: 'ai:chat'
[2026-07-07T08:34:08.603Z] [SUCCESS] File deleted: /Users/mandreu/.tyr/commands/ai-chat.tyr.ts
[2026-07-07T08:34:08.605Z] [INFO] Backup created at: /Users/mandreu/.tyr/map.yml.bak
[2026-07-07T08:34:08.605Z] [SUCCESS] File written: /Users/mandreu/.tyr/map.yml
[2026-07-07T08:34:08.605Z] [SUCCESS] Command 'ai:chat' removed.
[2026-07-07T08:34:11.364Z] [INFO] Starting removal of command: 'ai:code'
[2026-07-07T08:34:11.364Z] [SUCCESS] File deleted: /Users/mandreu/.tyr/commands/ai-code.tyr.ts
[2026-07-07T08:34:11.366Z] [INFO] Backup created at: /Users/mandreu/.tyr/map.yml.bak
[2026-07-07T08:34:11.366Z] [SUCCESS] File written: /Users/mandreu/.tyr/map.yml
[2026-07-07T08:34:11.366Z] [SUCCESS] Command 'ai:code' removed.
[2026-07-07T08:34:15.205Z] [INFO] Starting removal of command: 'ai:test'
[2026-07-07T08:34:15.205Z] [SUCCESS] File deleted: /Users/mandreu/.tyr/commands/ai-test.tyr.ts
[2026-07-07T08:34:15.207Z] [INFO] Backup created at: /Users/mandreu/.tyr/map.yml.bak
[2026-07-07T08:34:15.207Z] [SUCCESS] File written: /Users/mandreu/.tyr/map.yml
[2026-07-07T08:34:15.207Z] [SUCCESS] Command 'ai:test' removed.
[2026-07-07T08:34:20.813Z] [INFO] Starting removal of command: 'ai:describe'
[2026-07-07T08:34:20.815Z] [SUCCESS] File deleted: /Users/mandreu/.tyr/commands/ai-describe.tyr.ts
[2026-07-07T08:34:20.816Z] [INFO] Backup created at: /Users/mandreu/.tyr/map.yml.bak
[2026-07-07T08:34:20.816Z] [SUCCESS] File written: /Users/mandreu/.tyr/map.yml
[2026-07-07T08:34:20.816Z] [SUCCESS] Command 'ai:describe' removed.
[2026-07-07T08:37:18.742Z] [INFO] Imported modules:
[2026-07-07T08:37:18.742Z] [INFO]   ai-manifest -> https://raw.githubusercontent.com/mandreu-av/TyrCommands/main/ai-manifest.json
[2026-07-07T08:58:00.503Z] [INFO] Syncing module 'ai-manifest' (https://raw.githubusercontent.com/mandreu-av/TyrCommands/main/ai-manifest.json)...
[2026-07-07T08:58:00.963Z] [SUCCESS] File written: /Users/mandreu/.tyr/commands/ai-describe.tyr.ts
[2026-07-07T08:58:00.963Z] [SUCCESS] Installed 'ai:describe' from module 'ai-manifest'.
[2026-07-07T08:58:01.153Z] [SUCCESS] File written: /Users/mandreu/.tyr/commands/ai-code.tyr.ts
[2026-07-07T08:58:01.154Z] [SUCCESS] Installed 'ai:code' from module 'ai-manifest'.
[2026-07-07T08:58:01.336Z] [SUCCESS] File written: /Users/mandreu/.tyr/commands/ai-test.tyr.ts
[2026-07-07T08:58:01.336Z] [SUCCESS] Installed 'ai:test' from module 'ai-manifest'.
[2026-07-07T08:58:01.555Z] [SUCCESS] File written: /Users/mandreu/.tyr/commands/ai-chat.tyr.ts
[2026-07-07T08:58:01.555Z] [SUCCESS] Installed 'ai:chat' from module 'ai-manifest'.
[2026-07-07T08:58:01.558Z] [INFO] Backup created at: /Users/mandreu/.tyr/map.yml.bak
[2026-07-07T08:58:01.558Z] [SUCCESS] File written: /Users/mandreu/.tyr/map.yml
[2026-07-07T08:58:01.559Z] [INFO] Backup created at: /Users/mandreu/.tyr/imported_modules.lock.yml.bak
[2026-07-07T08:58:01.560Z] [SUCCESS] File written: /Users/mandreu/.tyr/imported_modules.lock.yml
[2026-07-07T08:58:01.560Z] [INFO] Sync finished — installed: 4, updated: 0, skipped: 0, failed: 0.
[2026-07-07T09:01:09.427Z] [SUCCESS] File deleted: /Users/mandreu/.tyr/commands/ai-describe.tyr.ts
[2026-07-07T09:01:09.428Z] [SUCCESS] Removed command 'ai:describe' (was managed by module 'ai-manifest').
[2026-07-07T09:01:09.428Z] [SUCCESS] File deleted: /Users/mandreu/.tyr/commands/ai-code.tyr.ts
[2026-07-07T09:01:09.428Z] [SUCCESS] Removed command 'ai:code' (was managed by module 'ai-manifest').
[2026-07-07T09:01:09.428Z] [SUCCESS] File deleted: /Users/mandreu/.tyr/commands/ai-test.tyr.ts
[2026-07-07T09:01:09.428Z] [SUCCESS] Removed command 'ai:test' (was managed by module 'ai-manifest').
[2026-07-07T09:01:09.429Z] [SUCCESS] File deleted: /Users/mandreu/.tyr/commands/ai-chat.tyr.ts
[2026-07-07T09:01:09.429Z] [SUCCESS] Removed command 'ai:chat' (was managed by module 'ai-manifest').
[2026-07-07T09:01:09.430Z] [INFO] Backup created at: /Users/mandreu/.tyr/imported_modules.yaml.bak
[2026-07-07T09:01:09.430Z] [SUCCESS] File written: /Users/mandreu/.tyr/imported_modules.yaml
[2026-07-07T09:01:09.431Z] [INFO] Backup created at: /Users/mandreu/.tyr/map.yml.bak
[2026-07-07T09:01:09.431Z] [SUCCESS] File written: /Users/mandreu/.tyr/map.yml
[2026-07-07T09:01:09.431Z] [INFO] Backup created at: /Users/mandreu/.tyr/imported_modules.lock.yml.bak
[2026-07-07T09:01:09.431Z] [SUCCESS] File written: /Users/mandreu/.tyr/imported_modules.lock.yml
[2026-07-07T09:01:09.431Z] [SUCCESS] Module 'ai-manifest' removed — 4 item(s) removed: ai:describe, ai:code, ai:test, ai:chat.
[2026-07-07T09:01:09.432Z] [INFO] Module 'ai-manifest' unlinked from imported_modules.yaml: ai:describe, ai:code, ai:test, ai:chat.
[2026-07-07T09:01:32.518Z] [SUCCESS] File written: /Users/mandreu/.tyr/manifest.json
[2026-07-07T09:01:32.519Z] [SUCCESS] manifest.json generated at /Users/mandreu/.tyr/manifest.json (8 commands, includes .env.example).
[2026-07-07T09:01:32.519Z] [INFO] Commit and push it so others can install it with: tyr --add <raw-url-to-manifest.json>
[2026-07-07T09:05:25.308Z] [INFO] Validating manifest: https://raw.githubusercontent.com/mandreu-av/TyrAI/main/manifest.json
[2026-07-07T09:05:25.560Z] [INFO] Backup created at: /Users/mandreu/.tyr/imported_modules.yaml.bak
[2026-07-07T09:05:25.561Z] [SUCCESS] File written: /Users/mandreu/.tyr/imported_modules.yaml
[2026-07-07T09:05:25.561Z] [SUCCESS] Module 'manifest' registered in /Users/mandreu/.tyr/imported_modules.yaml
[2026-07-07T09:05:25.563Z] [INFO] Syncing module 'manifest' (https://raw.githubusercontent.com/mandreu-av/TyrAI/main/manifest.json)...
[2026-07-07T09:05:25.779Z] [SUCCESS] File written: /Users/mandreu/.tyr/commands/ai-describe.tyr.ts
[2026-07-07T09:05:25.779Z] [SUCCESS] Installed 'ai:describe' from module 'manifest'.
[2026-07-07T09:05:26.020Z] [SUCCESS] File written: /Users/mandreu/.tyr/commands/ai-code.tyr.ts
[2026-07-07T09:05:26.020Z] [SUCCESS] Installed 'ai:code' from module 'manifest'.
[2026-07-07T09:05:26.244Z] [SUCCESS] File written: /Users/mandreu/.tyr/commands/ai-test.tyr.ts
[2026-07-07T09:05:26.244Z] [SUCCESS] Installed 'ai:test' from module 'manifest'.
[2026-07-07T09:05:26.466Z] [SUCCESS] File written: /Users/mandreu/.tyr/commands/ai-chat.tyr.ts
[2026-07-07T09:05:26.467Z] [SUCCESS] Installed 'ai:chat' from module 'manifest'.
[2026-07-07T09:05:26.765Z] [SUCCESS] File written: /Users/mandreu/.tyr/manifest.env.example
[2026-07-07T09:05:26.765Z] [SUCCESS] Installed manifest.env.example from module 'manifest'.
[2026-07-07T09:05:26.767Z] [INFO] Backup created at: /Users/mandreu/.tyr/map.yml.bak
[2026-07-07T09:05:26.768Z] [SUCCESS] File written: /Users/mandreu/.tyr/map.yml
[2026-07-07T09:05:26.769Z] [INFO] Backup created at: /Users/mandreu/.tyr/imported_modules.lock.yml.bak
[2026-07-07T09:05:26.770Z] [SUCCESS] File written: /Users/mandreu/.tyr/imported_modules.lock.yml
[2026-07-07T09:05:26.770Z] [INFO] Sync finished — installed: 4, updated: 0, skipped: 0, failed: 0.
[2026-07-07T09:05:44.537Z] [SUCCESS] File deleted: /Users/mandreu/.tyr/commands/ai-describe.tyr.ts
[2026-07-07T09:05:44.537Z] [SUCCESS] Removed command 'ai:describe' (was managed by module 'manifest').
[2026-07-07T09:05:44.537Z] [SUCCESS] File deleted: /Users/mandreu/.tyr/commands/ai-code.tyr.ts
[2026-07-07T09:05:44.537Z] [SUCCESS] Removed command 'ai:code' (was managed by module 'manifest').
[2026-07-07T09:05:44.537Z] [SUCCESS] File deleted: /Users/mandreu/.tyr/commands/ai-test.tyr.ts
[2026-07-07T09:05:44.537Z] [SUCCESS] Removed command 'ai:test' (was managed by module 'manifest').
[2026-07-07T09:05:44.538Z] [SUCCESS] File deleted: /Users/mandreu/.tyr/commands/ai-chat.tyr.ts
[2026-07-07T09:05:44.538Z] [SUCCESS] Removed command 'ai:chat' (was managed by module 'manifest').
[2026-07-07T09:05:44.538Z] [SUCCESS] File deleted: /Users/mandreu/.tyr/manifest.env.example
[2026-07-07T09:05:44.538Z] [SUCCESS] Removed manifest.env.example (was managed by module 'manifest').
[2026-07-07T09:05:44.539Z] [INFO] Backup created at: /Users/mandreu/.tyr/imported_modules.yaml.bak
[2026-07-07T09:05:44.539Z] [SUCCESS] File written: /Users/mandreu/.tyr/imported_modules.yaml
[2026-07-07T09:05:44.540Z] [INFO] Backup created at: /Users/mandreu/.tyr/map.yml.bak
[2026-07-07T09:05:44.540Z] [SUCCESS] File written: /Users/mandreu/.tyr/map.yml
[2026-07-07T09:05:44.540Z] [INFO] Backup created at: /Users/mandreu/.tyr/imported_modules.lock.yml.bak
[2026-07-07T09:05:44.540Z] [SUCCESS] File written: /Users/mandreu/.tyr/imported_modules.lock.yml
[2026-07-07T09:05:44.541Z] [SUCCESS] Module 'manifest' removed — 5 item(s) removed: ai:describe, ai:code, ai:test, ai:chat, manifest.env.example.
[2026-07-07T09:05:44.541Z] [INFO] Module 'manifest' unlinked from imported_modules.yaml: ai:describe, ai:code, ai:test, ai:chat, manifest.env.example.
[2026-07-07T09:06:01.114Z] [INFO] Validating manifest: https://raw.githubusercontent.com/mandreu-av/TyrAI/main/manifest.json
[2026-07-07T09:06:01.179Z] [INFO] Backup created at: /Users/mandreu/.tyr/imported_modules.yaml.bak
[2026-07-07T09:06:01.180Z] [SUCCESS] File written: /Users/mandreu/.tyr/imported_modules.yaml
[2026-07-07T09:06:01.180Z] [SUCCESS] Module 'ai' registered in /Users/mandreu/.tyr/imported_modules.yaml
[2026-07-07T09:06:01.181Z] [INFO] Syncing module 'ai' (https://raw.githubusercontent.com/mandreu-av/TyrAI/main/manifest.json)...
[2026-07-07T09:06:01.203Z] [SUCCESS] File written: /Users/mandreu/.tyr/commands/ai-describe.tyr.ts
[2026-07-07T09:06:01.203Z] [SUCCESS] Installed 'ai:describe' from module 'ai'.
[2026-07-07T09:06:01.214Z] [SUCCESS] File written: /Users/mandreu/.tyr/commands/ai-code.tyr.ts
[2026-07-07T09:06:01.214Z] [SUCCESS] Installed 'ai:code' from module 'ai'.
[2026-07-07T09:06:01.225Z] [SUCCESS] File written: /Users/mandreu/.tyr/commands/ai-test.tyr.ts
[2026-07-07T09:06:01.225Z] [SUCCESS] Installed 'ai:test' from module 'ai'.
[2026-07-07T09:06:01.237Z] [SUCCESS] File written: /Users/mandreu/.tyr/commands/ai-chat.tyr.ts
[2026-07-07T09:06:01.237Z] [SUCCESS] Installed 'ai:chat' from module 'ai'.
[2026-07-07T09:06:01.247Z] [SUCCESS] File written: /Users/mandreu/.tyr/ai.env.example
[2026-07-07T09:06:01.247Z] [SUCCESS] Installed ai.env.example from module 'ai'.
[2026-07-07T09:06:01.248Z] [INFO] Backup created at: /Users/mandreu/.tyr/map.yml.bak
[2026-07-07T09:06:01.248Z] [SUCCESS] File written: /Users/mandreu/.tyr/map.yml
[2026-07-07T09:06:01.249Z] [INFO] Backup created at: /Users/mandreu/.tyr/imported_modules.lock.yml.bak
[2026-07-07T09:06:01.249Z] [SUCCESS] File written: /Users/mandreu/.tyr/imported_modules.lock.yml
[2026-07-07T09:06:01.249Z] [INFO] Sync finished — installed: 4, updated: 0, skipped: 0, failed: 0.
[2026-07-07T09:09:55.362Z] [SUCCESS] File deleted: /Users/mandreu/.tyr/commands/ai-describe.tyr.ts
[2026-07-07T09:09:55.362Z] [SUCCESS] Removed command 'ai:describe' (was managed by module 'ai').
[2026-07-07T09:09:55.362Z] [SUCCESS] File deleted: /Users/mandreu/.tyr/commands/ai-code.tyr.ts
[2026-07-07T09:09:55.362Z] [SUCCESS] Removed command 'ai:code' (was managed by module 'ai').
[2026-07-07T09:09:55.362Z] [SUCCESS] File deleted: /Users/mandreu/.tyr/commands/ai-test.tyr.ts
[2026-07-07T09:09:55.362Z] [SUCCESS] Removed command 'ai:test' (was managed by module 'ai').
[2026-07-07T09:09:55.362Z] [SUCCESS] File deleted: /Users/mandreu/.tyr/commands/ai-chat.tyr.ts
[2026-07-07T09:09:55.363Z] [SUCCESS] Removed command 'ai:chat' (was managed by module 'ai').
[2026-07-07T09:09:55.363Z] [SUCCESS] Removed ai.env.example (was managed by module 'ai').
[2026-07-07T09:09:55.364Z] [INFO] Backup created at: /Users/mandreu/.tyr/imported_modules.yaml.bak
[2026-07-07T09:09:55.364Z] [SUCCESS] File written: /Users/mandreu/.tyr/imported_modules.yaml
[2026-07-07T09:09:55.364Z] [INFO] Backup created at: /Users/mandreu/.tyr/map.yml.bak
[2026-07-07T09:09:55.365Z] [SUCCESS] File written: /Users/mandreu/.tyr/map.yml
[2026-07-07T09:09:55.365Z] [INFO] Backup created at: /Users/mandreu/.tyr/imported_modules.lock.yml.bak
[2026-07-07T09:09:55.365Z] [SUCCESS] File written: /Users/mandreu/.tyr/imported_modules.lock.yml
[2026-07-07T09:09:55.365Z] [SUCCESS] Module 'ai' removed — 5 item(s) removed: ai:describe, ai:code, ai:test, ai:chat, ai.env.example.
[2026-07-07T09:09:55.365Z] [INFO] Module 'ai' unlinked from imported_modules.yaml: ai:describe, ai:code, ai:test, ai:chat, ai.env.example.
[2026-07-07T09:51:52.749Z] [INFO] Validating manifest: https://raw.githubusercontent.com/mandreu-av/TyrAI/main/manifest.json
[2026-07-07T09:51:53.060Z] [INFO] Backup created at: /Users/mandreu/.tyr/imported_modules.yaml.bak
[2026-07-07T09:51:53.061Z] [SUCCESS] File written: /Users/mandreu/.tyr/imported_modules.yaml
[2026-07-07T09:51:53.062Z] [SUCCESS] Module 'tyrai' registered in /Users/mandreu/.tyr/imported_modules.yaml
[2026-07-07T09:51:53.064Z] [INFO] Syncing module 'tyrai' (https://raw.githubusercontent.com/mandreu-av/TyrAI/main/manifest.json)...
[2026-07-07T09:51:53.286Z] [SUCCESS] File written: /Users/mandreu/.tyr/commands/ai-describe.tyr.ts
[2026-07-07T09:51:53.286Z] [SUCCESS] Installed 'ai:describe' from module 'tyrai'.
[2026-07-07T09:51:53.504Z] [SUCCESS] File written: /Users/mandreu/.tyr/commands/ai-code.tyr.ts
[2026-07-07T09:51:53.504Z] [SUCCESS] Installed 'ai:code' from module 'tyrai'.
[2026-07-07T09:51:53.715Z] [SUCCESS] File written: /Users/mandreu/.tyr/commands/ai-test.tyr.ts
[2026-07-07T09:51:53.715Z] [SUCCESS] Installed 'ai:test' from module 'tyrai'.
[2026-07-07T09:51:53.902Z] [SUCCESS] File written: /Users/mandreu/.tyr/commands/ai-chat.tyr.ts
[2026-07-07T09:51:53.902Z] [SUCCESS] Installed 'ai:chat' from module 'tyrai'.
[2026-07-07T09:51:54.092Z] [SUCCESS] File written: /Users/mandreu/.tyr/.env.tyrai.example
[2026-07-07T09:51:54.092Z] [SUCCESS] Installed .env.tyrai.example from module 'tyrai'.
[2026-07-07T09:51:54.095Z] [INFO] Backup created at: /Users/mandreu/.tyr/map.yml.bak
[2026-07-07T09:51:54.096Z] [SUCCESS] File written: /Users/mandreu/.tyr/map.yml
[2026-07-07T09:51:54.098Z] [INFO] Backup created at: /Users/mandreu/.tyr/imported_modules.lock.yml.bak
[2026-07-07T09:51:54.100Z] [SUCCESS] File written: /Users/mandreu/.tyr/imported_modules.lock.yml
[2026-07-07T09:51:54.100Z] [INFO] Sync finished — installed: 4, updated: 0, skipped: 0, failed: 0.
[2026-07-07T09:52:17.832Z] [SUCCESS] File deleted: /Users/mandreu/.tyr/commands/ai-describe.tyr.ts
[2026-07-07T09:52:17.832Z] [SUCCESS] Removed command 'ai:describe' (was managed by module 'tyrai').
[2026-07-07T09:52:17.832Z] [SUCCESS] File deleted: /Users/mandreu/.tyr/commands/ai-code.tyr.ts
[2026-07-07T09:52:17.832Z] [SUCCESS] Removed command 'ai:code' (was managed by module 'tyrai').
[2026-07-07T09:52:17.832Z] [SUCCESS] File deleted: /Users/mandreu/.tyr/commands/ai-test.tyr.ts
[2026-07-07T09:52:17.832Z] [SUCCESS] Removed command 'ai:test' (was managed by module 'tyrai').
[2026-07-07T09:52:17.832Z] [SUCCESS] File deleted: /Users/mandreu/.tyr/commands/ai-chat.tyr.ts
[2026-07-07T09:52:17.832Z] [SUCCESS] Removed command 'ai:chat' (was managed by module 'tyrai').
[2026-07-07T09:52:17.833Z] [SUCCESS] File deleted: /Users/mandreu/.tyr/.env.tyrai.example
[2026-07-07T09:52:17.833Z] [SUCCESS] Removed .env.tyrai.example (was managed by module 'tyrai').
[2026-07-07T09:52:17.834Z] [INFO] Backup created at: /Users/mandreu/.tyr/imported_modules.yaml.bak
[2026-07-07T09:52:17.834Z] [SUCCESS] File written: /Users/mandreu/.tyr/imported_modules.yaml
[2026-07-07T09:52:17.834Z] [INFO] Backup created at: /Users/mandreu/.tyr/map.yml.bak
[2026-07-07T09:52:17.835Z] [SUCCESS] File written: /Users/mandreu/.tyr/map.yml
[2026-07-07T09:52:17.835Z] [INFO] Backup created at: /Users/mandreu/.tyr/imported_modules.lock.yml.bak
[2026-07-07T09:52:17.835Z] [SUCCESS] File written: /Users/mandreu/.tyr/imported_modules.lock.yml
[2026-07-07T09:52:17.835Z] [SUCCESS] Module 'tyrai' removed — 5 item(s) removed: ai:describe, ai:code, ai:test, ai:chat, .env.tyrai.example.
[2026-07-07T09:52:17.835Z] [INFO] Module 'tyrai' unlinked from imported_modules.yaml: ai:describe, ai:code, ai:test, ai:chat, .env.tyrai.example.
[2026-07-07T09:52:21.227Z] [INFO] Validating manifest: https://raw.githubusercontent.com/mandreu-av/TyrAI/main/manifest.json
[2026-07-07T09:52:21.301Z] [INFO] Backup created at: /Users/mandreu/.tyr/imported_modules.yaml.bak
[2026-07-07T09:52:21.302Z] [SUCCESS] File written: /Users/mandreu/.tyr/imported_modules.yaml
[2026-07-07T09:52:21.302Z] [SUCCESS] Module 'ai' registered in /Users/mandreu/.tyr/imported_modules.yaml
[2026-07-07T09:52:21.303Z] [INFO] Syncing module 'ai' (https://raw.githubusercontent.com/mandreu-av/TyrAI/main/manifest.json)...
[2026-07-07T09:52:21.326Z] [SUCCESS] File written: /Users/mandreu/.tyr/commands/ai-describe.tyr.ts
[2026-07-07T09:52:21.326Z] [SUCCESS] Installed 'ai:describe' from module 'ai'.
[2026-07-07T09:52:21.337Z] [SUCCESS] File written: /Users/mandreu/.tyr/commands/ai-code.tyr.ts
[2026-07-07T09:52:21.337Z] [SUCCESS] Installed 'ai:code' from module 'ai'.
[2026-07-07T09:52:21.358Z] [SUCCESS] File written: /Users/mandreu/.tyr/commands/ai-test.tyr.ts
[2026-07-07T09:52:21.358Z] [SUCCESS] Installed 'ai:test' from module 'ai'.
[2026-07-07T09:52:21.391Z] [SUCCESS] File written: /Users/mandreu/.tyr/commands/ai-chat.tyr.ts
[2026-07-07T09:52:21.391Z] [SUCCESS] Installed 'ai:chat' from module 'ai'.
[2026-07-07T09:52:21.403Z] [SUCCESS] File written: /Users/mandreu/.tyr/.env.ai.example
[2026-07-07T09:52:21.403Z] [SUCCESS] Installed .env.ai.example from module 'ai'.
[2026-07-07T09:52:21.403Z] [INFO] Backup created at: /Users/mandreu/.tyr/map.yml.bak
[2026-07-07T09:52:21.404Z] [SUCCESS] File written: /Users/mandreu/.tyr/map.yml
[2026-07-07T09:52:21.404Z] [INFO] Backup created at: /Users/mandreu/.tyr/imported_modules.lock.yml.bak
[2026-07-07T09:52:21.404Z] [SUCCESS] File written: /Users/mandreu/.tyr/imported_modules.lock.yml
[2026-07-07T09:52:21.405Z] [INFO] Sync finished — installed: 4, updated: 0, skipped: 0, failed: 0.
[2026-07-07T09:53:01.390Z] [ERROR] Module 'tyrai' is not registered and owns no commands. Nothing to remove.
[2026-07-07T09:53:01.390Z] [INFO] Module 'tyrai' was not found in imported_modules.yaml or imported_modules.lock.yml.
[2026-07-07T09:53:07.652Z] [SUCCESS] File deleted: /Users/mandreu/.tyr/commands/ai-describe.tyr.ts
[2026-07-07T09:53:07.652Z] [SUCCESS] Removed command 'ai:describe' (was managed by module 'ai').
[2026-07-07T09:53:07.653Z] [SUCCESS] File deleted: /Users/mandreu/.tyr/commands/ai-code.tyr.ts
[2026-07-07T09:53:07.653Z] [SUCCESS] Removed command 'ai:code' (was managed by module 'ai').
[2026-07-07T09:53:07.653Z] [SUCCESS] File deleted: /Users/mandreu/.tyr/commands/ai-test.tyr.ts
[2026-07-07T09:53:07.653Z] [SUCCESS] Removed command 'ai:test' (was managed by module 'ai').
[2026-07-07T09:53:07.653Z] [SUCCESS] File deleted: /Users/mandreu/.tyr/commands/ai-chat.tyr.ts
[2026-07-07T09:53:07.653Z] [SUCCESS] Removed command 'ai:chat' (was managed by module 'ai').
[2026-07-07T09:53:07.653Z] [SUCCESS] File deleted: /Users/mandreu/.tyr/.env.ai.example
[2026-07-07T09:53:07.653Z] [SUCCESS] Removed .env.ai.example (was managed by module 'ai').
[2026-07-07T09:53:07.654Z] [INFO] Backup created at: /Users/mandreu/.tyr/imported_modules.yaml.bak
[2026-07-07T09:53:07.654Z] [SUCCESS] File written: /Users/mandreu/.tyr/imported_modules.yaml
[2026-07-07T09:53:07.655Z] [INFO] Backup created at: /Users/mandreu/.tyr/map.yml.bak
[2026-07-07T09:53:07.655Z] [SUCCESS] File written: /Users/mandreu/.tyr/map.yml
[2026-07-07T09:53:07.655Z] [INFO] Backup created at: /Users/mandreu/.tyr/imported_modules.lock.yml.bak
[2026-07-07T09:53:07.656Z] [SUCCESS] File written: /Users/mandreu/.tyr/imported_modules.lock.yml
[2026-07-07T09:53:07.656Z] [SUCCESS] Module 'ai' removed — 5 item(s) removed: ai:describe, ai:code, ai:test, ai:chat, .env.ai.example.
[2026-07-07T09:53:07.656Z] [INFO] Module 'ai' unlinked from imported_modules.yaml: ai:describe, ai:code, ai:test, ai:chat, .env.ai.example.
[2026-07-07T09:53:22.617Z] [SUCCESS] File written: /Users/mandreu/.tyr/manifest.json
[2026-07-07T09:53:22.617Z] [SUCCESS] manifest.json generated at /Users/mandreu/.tyr/manifest.json (8 commands, includes .env.example).
[2026-07-07T09:53:22.618Z] [INFO] Commit and push it so others can install it with: tyr --add <raw-url-to-manifest.json>
